# JRE version: OpenJDK Runtime Environment (8.0_152-b01) (build 1.8.0_152-release-915-b01)
# Java VM: OpenJDK 64-Bit Server VM (25.152-b01 mixed mode windows-amd64 compressed oops)
Heap:
 PSYoungGen      total 463360K, used 462500K [0x00000000e0000000, 0x0000000100000000, 0x0000000100000000)
  eden space 419840K, 99% used [0x00000000e0000000,0x00000000f992b5a8,0x00000000f9a00000)
  from space 43520K, 99% used [0x00000000fd580000,0x00000000ffffdc48,0x0000000100000000)
  to   space 52224K, 57% used [0x00000000f9a00000,0x00000000fb741180,0x00000000fcd00000)
 ParOldGen       total 225792K, used 84386K [0x00000000a0000000, 0x00000000adc80000, 0x00000000e0000000)
  object space 225792K, 37% used [0x00000000a0000000,0x00000000a5268be8,0x00000000adc80000)
 Metaspace       used 92298K, capacity 102348K, committed 102604K, reserved 1138688K
  class space    used 11583K, capacity 13988K, committed 14080K, reserved 1048576K
GC Heap History (10 events):
Event: 5017.520 GC heap after
Heap after GC invocations=44 (full 4):
 PSYoungGen      total 484864K, used 27708K [0x00000000e0000000, 0x0000000100000000, 0x0000000100000000)
  eden space 451584K, 0% used [0x00000000e0000000,0x00000000e0000000,0x00000000fb900000)
  from space 33280K, 83% used [0x00000000fdf80000,0x00000000ffa8f3f8,0x0000000100000000)
  to   space 36352K, 0% used [0x00000000fb900000,0x00000000fb900000,0x00000000fdc80000)
 ParOldGen       total 225792K, used 76908K [0x00000000a0000000, 0x00000000adc80000, 0x00000000e0000000)
  object space 225792K, 34% used [0x00000000a0000000,0x00000000a4b1b3e0,0x00000000adc80000)
 Metaspace       used 91454K, capacity 100684K, committed 101068K, reserved 1136640K
  class space    used 11467K, capacity 13630K, committed 13824K, reserved 1048576K
}
Event: 5093.687 GC heap before
{Heap before GC invocations=45 (full 4):
 PSYoungGen      total 484864K, used 479292K [0x00000000e0000000, 0x0000000100000000, 0x0000000100000000)
  eden space 451584K, 100% used [0x00000000e0000000,0x00000000fb900000,0x00000000fb900000)
  from space 33280K, 83% used [0x00000000fdf80000,0x00000000ffa8f3f8,0x0000000100000000)
  to   space 36352K, 0% used [0x00000000fb900000,0x00000000fb900000,0x00000000fdc80000)
 ParOldGen       total 225792K, used 76908K [0x00000000a0000000, 0x00000000adc80000, 0x00000000e0000000)
  object space 225792K, 34% used [0x00000000a0000000,0x00000000a4b1b3e0,0x00000000adc80000)
 Metaspace       used 91526K, capacity 100932K, committed 101324K, reserved 1136640K
  class space    used 11478K, capacity 13670K, committed 13824K, reserved 1048576K
Event: 5093.719 GC heap after
Heap after GC invocations=45 (full 4):
 PSYoungGen      total 485888K, used 34020K [0x00000000e0000000, 0x0000000100000000, 0x0000000100000000)
  eden space 451584K, 0% used [0x00000000e0000000,0x00000000e0000000,0x00000000fb900000)
  from space 34304K, 99% used [0x00000000fb900000,0x00000000fda392b8,0x00000000fda80000)
  to   space 38400K, 0% used [0x00000000fda80000,0x00000000fda80000,0x0000000100000000)
 ParOldGen       total 225792K, used 76908K [0x00000000a0000000, 0x00000000adc80000, 0x00000000e0000000)
  object space 225792K, 34% used [0x00000000a0000000,0x00000000a4b1b3e0,0x00000000adc80000)
 Metaspace       used 91526K, capacity 100932K, committed 101324K, reserved 1136640K
  class space    used 11478K, capacity 13670K, committed 13824K, reserved 1048576K
}
Event: 6129.127 GC heap before
{Heap before GC invocations=46 (full 4):
 PSYoungGen      total 485888K, used 485604K [0x00000000e0000000, 0x0000000100000000, 0x0000000100000000)
  eden space 451584K, 100% used [0x00000000e0000000,0x00000000fb900000,0x00000000fb900000)
  from space 34304K, 99% used [0x00000000fb900000,0x00000000fda392b8,0x00000000fda80000)
  to   space 38400K, 0% used [0x00000000fda80000,0x00000000fda80000,0x0000000100000000)
 ParOldGen       total 225792K, used 76908K [0x00000000a0000000, 0x00000000adc80000, 0x00000000e0000000)
  object space 225792K, 34% used [0x00000000a0000000,0x00000000a4b1b3e0,0x00000000adc80000)
 Metaspace       used 91800K, capacity 101444K, committed 101708K, reserved 1136640K
  class space    used 11514K, capacity 13790K, committed 13952K, reserved 1048576K
Event: 6129.153 GC heap after
Heap after GC invocations=46 (full 4):
 PSYoungGen      total 481792K, used 24335K [0x00000000e0000000, 0x0000000100000000, 0x0000000100000000)
  eden space 443392K, 0% used [0x00000000e0000000,0x00000000e0000000,0x00000000fb100000)
  from space 38400K, 63% used [0x00000000fda80000,0x00000000ff243d50,0x0000000100000000)
  to   space 40448K, 0% used [0x00000000fb100000,0x00000000fb100000,0x00000000fd880000)
 ParOldGen       total 225792K, used 76916K [0x00000000a0000000, 0x00000000adc80000, 0x00000000e0000000)
  object space 225792K, 34% used [0x00000000a0000000,0x00000000a4b1d3e0,0x00000000adc80000)
 Metaspace       used 91800K, capacity 101444K, committed 101708K, reserved 1136640K
  class space    used 11514K, capacity 13790K, committed 13952K, reserved 1048576K
}
Event: 6729.183 GC heap before
{Heap before GC invocations=47 (full 4):
 PSYoungGen      total 481792K, used 467727K [0x00000000e0000000, 0x0000000100000000, 0x0000000100000000)
  eden space 443392K, 100% used [0x00000000e0000000,0x00000000fb100000,0x00000000fb100000)
  from space 38400K, 63% used [0x00000000fda80000,0x00000000ff243d50,0x0000000100000000)
  to   space 40448K, 0% used [0x00000000fb100000,0x00000000fb100000,0x00000000fd880000)
 ParOldGen       total 225792K, used 76916K [0x00000000a0000000, 0x00000000adc80000, 0x00000000e0000000)
  object space 225792K, 34% used [0x00000000a0000000,0x00000000a4b1d3e0,0x00000000adc80000)
 Metaspace       used 92132K, capacity 102068K, committed 102348K, reserved 1138688K
  class space    used 11563K, capacity 13932K, committed 14080K, reserved 1048576K
Event: 6729.227 GC heap after
Heap after GC invocations=47 (full 4):
 PSYoungGen      total 476160K, used 32381K [0x00000000e0000000, 0x0000000100000000, 0x0000000100000000)
  eden space 443392K, 0% used [0x00000000e0000000,0x00000000e0000000,0x00000000fb100000)
  from space 32768K, 98% used [0x00000000fb100000,0x00000000fd09f5a8,0x00000000fd100000)
  to   space 43520K, 0% used [0x00000000fd580000,0x00000000fd580000,0x0000000100000000)
 ParOldGen       total 225792K, used 76916K [0x00000000a0000000, 0x00000000adc80000, 0x00000000e0000000)
  object space 225792K, 34% used [0x00000000a0000000,0x00000000a4b1d3e0,0x00000000adc80000)
 Metaspace       used 92132K, capacity 102068K, committed 102348K, reserved 1138688K
  class space    used 11563K, capacity 13932K, committed 14080K, reserved 1048576K
}
Event: 7735.932 GC heap before
{Heap before GC invocations=48 (full 4):
 PSYoungGen      total 476160K, used 474361K [0x00000000e0000000, 0x0000000100000000, 0x0000000100000000)
  eden space 443392K, 99% used [0x00000000e0000000,0x00000000faf9efa8,0x00000000fb100000)
  from space 32768K, 98% used [0x00000000fb100000,0x00000000fd09f5a8,0x00000000fd100000)
  to   space 43520K, 0% used [0x00000000fd580000,0x00000000fd580000,0x0000000100000000)
 ParOldGen       total 225792K, used 76916K [0x00000000a0000000, 0x00000000adc80000, 0x00000000e0000000)
  object space 225792K, 34% used [0x00000000a0000000,0x00000000a4b1d3e0,0x00000000adc80000)
 Metaspace       used 92277K, capacity 102284K, committed 102604K, reserved 1138688K
  class space    used 11583K, capacity 13988K, committed 14080K, reserved 1048576K
Event: 7736.023 GC heap after
Heap after GC invocations=48 (full 4):
 PSYoungGen      total 463360K, used 43511K [0x00000000e0000000, 0x0000000100000000, 0x0000000100000000)
  eden space 419840K, 0% used [0x00000000e0000000,0x00000000e0000000,0x00000000f9a00000)
  from space 43520K, 99% used [0x00000000fd580000,0x00000000ffffdc48,0x0000000100000000)
  to   space 52224K, 0% used [0x00000000f9a00000,0x00000000f9a00000,0x00000000fcd00000)
 ParOldGen       total 225792K, used 84386K [0x00000000a0000000, 0x00000000adc80000, 0x00000000e0000000)
  object space 225792K, 37% used [0x00000000a0000000,0x00000000a5268be8,0x00000000adc80000)
 Metaspace       used 92277K, capacity 102284K, committed 102604K, reserved 1138688K
  class space    used 11583K, capacity 13988K, committed 14080K, reserved 1048576K
}
Event: 7737.025 GC heap before
{Heap before GC invocations=49 (full 4):
 PSYoungGen      total 463360K, used 462500K [0x00000000e0000000, 0x0000000100000000, 0x0000000100000000)
  eden space 419840K, 99% used [0x00000000e0000000,0x00000000f992b5a8,0x00000000f9a00000)
  from space 43520K, 99% used [0x00000000fd580000,0x00000000ffffdc48,0x0000000100000000)
  to   space 52224K, 0% used [0x00000000f9a00000,0x00000000f9a00000,0x00000000fcd00000)
 ParOldGen       total 225792K, used 84386K [0x00000000a0000000, 0x00000000adc80000, 0x00000000e0000000)
  object space 225792K, 37% used [0x00000000a0000000,0x00000000a5268be8,0x00000000adc80000)
 Metaspace       used 92298K, capacity 102348K, committed 102604K, reserved 1138688K
  class space    used 11583K, capacity 13988K, committed 14080K, reserved 1048576K

